[executor] Running sprint: Visual refresh — replace default purple theme with unique palette (020)
[executor] Working directory: /home/greg/clawd/projects/mah
[executor] Loaded project config: /home/greg/clawd/projects/mah/.mah/projects/mah-build.json
[executor] Starting pipeline for sprint 020...
  🏁 moe    [contract] Starting sprint: Visual refresh — replace default purple theme with unique palette
  🏁 moe    [contract] Sprint ID: 020

  ─── Round 1 / 3 ─────────────────────
  🚀 moe    [dev] Spawned dev agent R1
  📄 dev    [dev] R1 complete (9m 4s)
  🚀 moe    [qa] Spawned Quinn (UX) for QA R1
  📄 quinn  [qa] R1 verdict received (5m 15s / $0.0107)
  🔀 moe    [dev] QA failed — sending findings back to dev for R2

  ─── Round 2 / 3 ─────────────────────
  🚀 moe    [dev] Spawned dev agent R2
  📄 dev    [dev] R2 complete (2m 6s / $0.0157)
  🚀 moe    [qa] Spawned Quinn (UX) for QA R2
  📄 quinn  [qa] R2 verdict received (4m 0s / $0.0269)
  📄 quinn  [qa] Defects: P3-01(P3)
  🔀 moe    [dev] QA failed — sending findings back to dev for R3

  ─── Round 3 / 3 ─────────────────────
  🚀 moe    [dev] Spawned dev agent R3
  📄 dev    [dev] R3 complete (2m 11s / $0.0362)
  🚀 moe    [qa] Spawned Quinn (UX) for QA R3
  📄 quinn  [qa] R3 verdict received (2m 55s / $0.0279)
  🔀 moe    [human] Sprint ESCALATED after 3 iterations — requires human review
[executor] Sprint 020 completed: escalated
[executor] Duration: 1537699ms
[executor] Cost: $0.1175
[executor] Queue empty — no next sprint to start
