[executor] Running sprint: Fix board negotiate + builder Review fallback for planned cards (026)
[executor] Working directory: /home/greg/clawd/projects/mah
[executor] Loaded project config: /home/greg/clawd/projects/mah/.mah/projects/mah-build.json
[executor] Starting pipeline for sprint 026...
  🏁 moe    [contract] Starting sprint: Fix board negotiate + builder Review fallback for planned cards
  🏁 moe    [contract] Sprint ID: 026

  ─── Round 1 / 3 ─────────────────────
  🚀 moe    [dev] Spawned dev agent R1
  📄 dev    [dev] R1 complete (4m 24s / $0.0236)
  🚀 moe    [qa] Spawned Quinn (UX) for QA R1
  📄 quinn  [qa] R1 verdict received (3m 46s / $0.0303)
  📄 quinn  [qa] Defects: P1-01(P1), P2-01(P2), P1-01(P1)
  🔀 moe    [dev] QA failed — sending findings back to dev for R2

  ─── Round 2 / 3 ─────────────────────
  🚀 moe    [dev] Spawned dev agent R2
  📄 dev    [dev] R2 complete (2m 2s / $0.0321)
  🚀 moe    [qa] Spawned Quinn (UX) for QA R2
  📄 quinn  [qa] R2 verdict received (1m 45s / $0.0264)
  🔀 moe    [dev] QA failed — sending findings back to dev for R3

  ─── Round 3 / 3 ─────────────────────
  🚀 moe    [dev] Spawned dev agent R3
  📄 dev    [dev] R3 complete (17.4s / $0.0144)
  🚀 moe    [qa] Spawned Quinn (UX) for QA R3
  📄 quinn  [qa] R3 verdict received (3m 38s / $0.0211)
  🏁 system [metrics] Sprint PASSED in 3 iteration(s) [all graders passed]
[executor] Sprint 026 completed: passed
[executor] Duration: 955938ms
[executor] Cost: $0.1479
[executor] Queue empty — no next sprint to start
