[executor] Running sprint: Check on prices (034)
[executor] Working directory: /home/greg/clawd/projects/mah
[executor] Loaded project config: /home/greg/clawd/projects/mah/.mah/projects/mah-build.json
[executor] Starting pipeline for sprint 034...
  🏁 moe    [contract] Starting sprint: Check on prices
  🏁 moe    [contract] Sprint ID: 034

  ─── Round 1 / 3 ─────────────────────
  🚀 moe    [dev] Spawned dev agent R1
  📄 dev    [dev] R1 complete (200ms / $0.0060)
  🚀 moe    [qa] Spawned Quinn (UX) for QA R1
  📄 quinn  [qa] R1 verdict received (200ms / $0.0092)
  🏁 system [metrics] Sprint PASSED in 1 iteration(s) [all graders passed]
[executor] Sprint 034 completed: passed
[executor] Duration: 1250ms
[executor] Cost: $0.0151
[executor] Queue empty — no next sprint to start
[executor] Running sprint: Check on prices (034)
[executor] Working directory: /home/greg/clawd/projects/mah
[executor] Loaded project config: /home/greg/clawd/projects/mah/.mah/projects/mah-build.json
[executor] Starting pipeline for sprint 034...
  🏁 moe    [contract] Starting sprint: Check on prices
  🏁 moe    [contract] Sprint ID: 034
  🏁 moe    [resume] Resuming from round 2 dev phase (previous QA findings carried forward)
  🏁 moe    [skip] Skipping round 1 (completed in previous run)

  ─── Round 2 / 3 ─────────────────────
  🚀 moe    [dev] Spawned dev agent R2
  📄 dev    [dev] R2 complete (213ms / $0.0065)
  🚀 moe    [qa] Spawned Quinn (UX) for QA R2
  📄 quinn  [qa] R2 verdict received (201ms / $0.0092)
  🏁 system [metrics] Sprint PASSED in 2 iteration(s) [all graders passed]
[executor] Sprint 034 completed: passed
[executor] Duration: 102390ms
[executor] Cost: $0.0308
[executor] Queue empty — no next sprint to start
