[executor] Running sprint: Board sprint lifecycle UI with card creation and actions (re-run) (025)
[executor] Working directory: /home/greg/clawd/projects/mah
[executor] Loaded project config: /home/greg/clawd/projects/mah/.mah/projects/mah-build.json
[executor] Starting pipeline for sprint 025...
  🏁 moe    [contract] Starting sprint: Board sprint lifecycle UI with card creation and actions (re-run)
  🏁 moe    [contract] Sprint ID: 025

  ─── Round 1 / 3 ─────────────────────
  🚀 moe    [dev] Spawned dev agent R1
  📄 dev    [dev] R1 complete (9m 27s / $0.0082)
  🚀 moe    [qa] Spawned Quinn (UX) for QA R1
  📄 quinn  [qa] R1 verdict received (4m 23s / $0.0291)
  📄 quinn  [qa] Defects: P0-01(P0), P1-01(P1), P1-02(P1), P1-03(P1), P2-01(P2), P3-01(P3), P0-01(P0), P1-01(P1), P2-01(P2)
  🔀 moe    [dev] QA failed — sending findings back to dev for R2

  ─── Round 2 / 3 ─────────────────────
  🚀 moe    [dev] Spawned dev agent R2
  📄 dev    [dev] R2 complete (3m 35s / $0.0404)
  🚀 moe    [qa] Spawned Quinn (UX) for QA R2
  📄 quinn  [qa] R2 verdict received (3m 53s / $0.0290)
  📄 quinn  [qa] Defects: P2-02(P2)
  🏁 system [metrics] Sprint CONDITIONAL PASS in 2 iteration(s)
[executor] Sprint 025 completed: passed
[executor] Duration: 1281650ms
[executor] Cost: $0.1067
[executor] Queue empty — no next sprint to start
