[executor] Running sprint: Update footer copyright year to 2026 (033)
[executor] Working directory: /home/greg/clawd/projects/mah
[executor] Loaded project config: /home/greg/clawd/projects/mah/.mah/projects/kids-coding.json
[executor] Starting pipeline for sprint 033...
  🏁 moe    [contract] Starting sprint: Update footer copyright year to 2026
  🏁 moe    [contract] Sprint ID: 033

  ─── Round 1 / 3 ─────────────────────
  🚀 moe    [dev] Spawned dev agent R1
  📄 dev    [dev] R1 complete (1m 37s / $0.0076)
  🚀 moe    [qa] Spawned Quinn (UX) for QA R1
  📄 quinn  [qa] R1 verdict received (1m 0s / $0.0172)
  📄 quinn  [qa] Defects: P0-01(P0), P0-02(P0)
  🔀 moe    [dev] QA failed — sending findings back to dev for R2

  ─── Round 2 / 3 ─────────────────────
  🚀 moe    [dev] Spawned dev agent R2
  📄 dev    [dev] R2 complete (2m 6s / $0.0135)
  🚀 moe    [qa] Spawned Quinn (UX) for QA R2
  📄 quinn  [qa] R2 verdict received (9m 25s)
  🔀 moe    [dev] QA failed — sending findings back to dev for R3

  ─── Round 3 / 3 ─────────────────────
  🚀 moe    [dev] Spawned dev agent R3
  📄 dev    [dev] R3 complete (1m 37s / $0.0159)
  🚀 moe    [qa] Spawned Quinn (UX) for QA R3
  📄 quinn  [qa] R3 verdict received (2m 16s / $0.0215)
  🏁 system [metrics] Sprint CONDITIONAL PASS in 3 iteration(s)
[executor] Sprint 033 completed: passed
[executor] Duration: 1084625ms
[executor] Cost: $0.0757
[executor] Queue empty — no next sprint to start
